<?xml version="1.0" encoding="UTF-8"?>
<!-- Generated by org.testng.reporters.JUnitXMLReporter -->
<testsuite ignored="4" hostname="AARCHITH" failures="0" tests="2" name="Test" time="107.623" errors="0" timestamp="2021-05-05T23:25:11 IST">
  <testcase classname="com.crm.vtigerTests.organization.TL_18_CreateOrganizationWithShippingAddress_Test" name="createorgwithShipping" time="27.968"/>
  <testcase classname="com.crm.vtigerTests.organization.TL_16_CreatingOrganizationCopyingShippingAddressSelectoptionisenablesornot_Test" name="createshippingbutton" time="27.361"/>
  <testcase classname="com.crm.vtiger.GenericUtils.BaseClass" name="@AfterTest configAT" time="0.0">
    <ignored/>
  </testcase> <!-- @AfterTest configAT -->
  <testcase classname="com.crm.vtiger.GenericUtils.BaseClass" name="@BeforeSuite configBS" time="0.0">
    <ignored/>
  </testcase> <!-- @BeforeSuite configBS -->
  <testcase classname="com.crm.vtiger.GenericUtils.BaseClass" name="@BeforeTest configBT" time="0.0">
    <ignored/>
  </testcase> <!-- @BeforeTest configBT -->
  <testcase classname="com.crm.vtiger.GenericUtils.BaseClass" name="@AfterSuite configAS" time="0.0">
    <ignored/>
  </testcase> <!-- @AfterSuite configAS -->
</testsuite> <!-- Test -->
