<?xml version="1.0" encoding="UTF-8"?>
<!-- Generated by org.testng.reporters.JUnitXMLReporter -->
<testsuite ignored="0" hostname="AARCHITH" failures="0" tests="3" name="Command line test" time="0.083" errors="0" timestamp="2021-04-27T22:44:14 IST">
  <testcase classname="practiceddt.CreateCustomerTest" name="ReadTheDataFromXMLFile" time="0.01"/>
  <testcase classname="practiceddt.CreateUserTest" name="userTest" time="0.001"/>
  <testcase classname="practiceddt.ReadDataFromPropertyFileTest" name="readDataTest" time="0.003"/>
</testsuite> <!-- Command line test -->
