<?xml version="1.0" encoding="UTF-8"?>
<testng-results ignored="0" total="1" passed="1" failed="0" skipped="0">
  <reporter-output>
  </reporter-output>
  <suite started-at="2021-05-09T18:53:43 IST" name="Default suite" finished-at="2021-05-09T18:54:23 IST" duration-ms="39852">
    <groups>
      <group name="smokeTest">
        <method signature="TL_19CreatingOrganizationWithOutShippingAdress_Test.createsorgwithoutshipping()[pri:0, instance:com.crm.vtigerTests.organization.TL_19CreatingOrganizationWithOutShippingAdress_Test@5276e6b0]" name="createsorgwithoutshipping" class="com.crm.vtigerTests.organization.TL_19CreatingOrganizationWithOutShippingAdress_Test"/>
      </group> <!-- smokeTest -->
    </groups>
    <test started-at="2021-05-09T18:53:43 IST" name="Default test" finished-at="2021-05-09T18:54:23 IST" duration-ms="39852">
      <class name="com.crm.vtigerTests.organization.TL_19CreatingOrganizationWithOutShippingAdress_Test">
        <test-method is-config="true" signature="configBS()[pri:0, instance:com.crm.vtigerTests.organization.TL_19CreatingOrganizationWithOutShippingAdress_Test@5276e6b0]" started-at="2021-05-09T18:53:43 IST" name="configBS" finished-at="2021-05-09T18:53:43 IST" duration-ms="13" status="PASS">
          <reporter-output>
          </reporter-output>
        </test-method> <!-- configBS -->
        <test-method is-config="true" signature="configBT()[pri:0, instance:com.crm.vtigerTests.organization.TL_19CreatingOrganizationWithOutShippingAdress_Test@5276e6b0]" started-at="2021-05-09T18:53:43 IST" name="configBT" finished-at="2021-05-09T18:53:43 IST" duration-ms="1" status="PASS">
          <reporter-output>
          </reporter-output>
        </test-method> <!-- configBT -->
        <test-method is-config="true" signature="configBC()[pri:0, instance:com.crm.vtigerTests.organization.TL_19CreatingOrganizationWithOutShippingAdress_Test@5276e6b0]" started-at="2021-05-09T18:53:43 IST" name="configBC" finished-at="2021-05-09T18:53:49 IST" duration-ms="5345" status="PASS">
          <reporter-output>
          </reporter-output>
        </test-method> <!-- configBC -->
        <test-method is-config="true" signature="setUp()[pri:0, instance:com.crm.vtigerTests.organization.TL_19CreatingOrganizationWithOutShippingAdress_Test@5276e6b0]" started-at="2021-05-09T18:53:49 IST" name="setUp" finished-at="2021-05-09T18:53:57 IST" duration-ms="7807" status="PASS">
          <reporter-output>
          </reporter-output>
        </test-method> <!-- setUp -->
        <test-method signature="createsorgwithoutshipping()[pri:0, instance:com.crm.vtigerTests.organization.TL_19CreatingOrganizationWithOutShippingAdress_Test@5276e6b0]" started-at="2021-05-09T18:53:57 IST" name="createsorgwithoutshipping" finished-at="2021-05-09T18:54:20 IST" duration-ms="23435" status="PASS">
          <reporter-output>
          </reporter-output>
        </test-method> <!-- createsorgwithoutshipping -->
        <test-method is-config="true" signature="tearDown()[pri:0, instance:com.crm.vtigerTests.organization.TL_19CreatingOrganizationWithOutShippingAdress_Test@5276e6b0]" started-at="2021-05-09T18:54:20 IST" name="tearDown" finished-at="2021-05-09T18:54:22 IST" duration-ms="2297" status="PASS">
          <reporter-output>
          </reporter-output>
        </test-method> <!-- tearDown -->
        <test-method is-config="true" signature="configAC()[pri:0, instance:com.crm.vtigerTests.organization.TL_19CreatingOrganizationWithOutShippingAdress_Test@5276e6b0]" started-at="2021-05-09T18:54:22 IST" name="configAC" finished-at="2021-05-09T18:54:23 IST" duration-ms="887" status="PASS">
          <reporter-output>
          </reporter-output>
        </test-method> <!-- configAC -->
        <test-method is-config="true" signature="configAT()[pri:0, instance:com.crm.vtigerTests.organization.TL_19CreatingOrganizationWithOutShippingAdress_Test@5276e6b0]" started-at="2021-05-09T18:54:23 IST" name="configAT" finished-at="2021-05-09T18:54:23 IST" duration-ms="1" status="PASS">
          <reporter-output>
          </reporter-output>
        </test-method> <!-- configAT -->
        <test-method is-config="true" signature="configAS()[pri:0, instance:com.crm.vtigerTests.organization.TL_19CreatingOrganizationWithOutShippingAdress_Test@5276e6b0]" started-at="2021-05-09T18:54:24 IST" name="configAS" finished-at="2021-05-09T18:54:24 IST" duration-ms="0" status="PASS">
          <reporter-output>
          </reporter-output>
        </test-method> <!-- configAS -->
      </class> <!-- com.crm.vtigerTests.organization.TL_19CreatingOrganizationWithOutShippingAdress_Test -->
    </test> <!-- Default test -->
  </suite> <!-- Default suite -->
</testng-results>
