<?xml version="1.0" encoding="UTF-8"?>
<!-- Generated by org.testng.reporters.JUnitXMLReporter -->
<testsuite ignored="0" hostname="DESKTOP-8S455D7" failures="0" tests="2" name="Default test" time="74.792" errors="0" timestamp="2021-05-03T14:50:00 IST">
  <testcase classname="com.comcast.crm.organizationtest.CreateOrganizationTest" name="createOrgWithIndustryTest" time="24.445"/>
  <testcase classname="com.comcast.crm.organizationtest.CreateOrganizationTest" name="createOrganizationTest" time="19.442"/>
</testsuite> <!-- Default test -->
